
[2m$ next build[22m
  [1m[38;2;173;127;168m▲ Next.js 14.2.3[39m[22m
  - Environments: .env.local

 [37m[1m [22m[39m Creating an optimized production build ...
 [32m[1m✓[22m[39m Compiled successfully
[?25l [37m[1m [22m[39m Linting and checking validity of types  [36m.[39m[2K[1G [37m[1m [22m[39m Linting and checking validity of types  [36m..[39m[2K[1G [37m[1m [22m[39m Linting and checking validity of types  [36m...[39m[2K[1G [37m[1m [22m[39m Linting and checking validity of types  [36m.[39m[2K[1G [37m[1m [22m[39m Linting and checking validity of types  [36m..[39m[2K[1G [37m[1m [22m[39m Linting and checking validity of types  [36m...[39m[2K[1G [37m[1m [22m[39m Linting and checking validity of types  [36m.[39m[2K[1G [37m[1m [22m[39m Linting and checking validity of types  [36m..[39m[2K[1G [37m[1m [22m[39m Linting and checking validity of types  [36m...[39m[2K[1G [37m[1m [22m[39m Linting and checking validity of types  [36m.[39m[2K[1G [37m[1m [22m[39m Linting and checking validity of types  [36m..[39m[2K[1G [37m[1m [22m[39m Linting and checking validity of types  [36m...[39m[2K[1G [37m[1m [22m[39m Linting and checking validity of types  [36m.[39m[2K[1G [37m[1m [22m[39m Linting and checking validity of types  [36m..[39m[2K[1G [37m[1m [22m[39m Linting and checking validity of types  [36m...[39m[2K[1G[?25h [37m[1m [22m[39m Linting and checking validity of types     [32m[1m✓[22m[39m Linting and checking validity of types 
[?25l [37m[1m [22m[39m Collecting page data  [36m.[39m[2K[1G [37m[1m [22m[39m Collecting page data  [36m..[39m[2K[1G [37m[1m [22m[39m Collecting page data  [36m...[39m[2K[1G [37m[1m [22m[39m Collecting page data  [36m.[39m[2K[1G [37m[1m [22m[39m Collecting page data  [36m..[39m[2K[1G[?25h [37m[1m [22m[39m Collecting page data     [32m[1m✓[22m[39m Collecting page data 
[?25l [37m[1m [22m[39m Generating static pages (0/17)  [36m[    ][39m[2K[1G [37m[1m [22m[39m Generating static pages (0/17)  [36m[=   ][39m[2K[1G [37m[1m [22m[39m Generating static pages (13/17)  [36m[==  ][39m[2K[1G [37m[1m [22m[39m Generating static pages (16/17)  [36m[=== ][39m[2K[1G [37m[1m [22m[39m Generating static pages (16/17)  [36m[ ===][39m[2K[1G [37m[1m [22m[39m Generating static pages (16/17)  [36m[  ==][39m[2K[1G [37m[1m [22m[39m Generating static pages (16/17)  [36m[   =][39m[2K[1G [37m[1m [22m[39m Generating static pages (16/17)  [36m[    ][39m[2K[1G[?25h [32m[1m✓[22m[39m Generating static pages (17/17)
[?25l [37m[1m [22m[39m Finalizing page optimization  [36m.[39m[?25l [37m[1m [22m[39m Collecting build traces  [36m.[39m[2K[1G [37m[1m [22m[39m Finalizing page optimization  [36m..[39m[2K[1G [37m[1m [22m[39m Collecting build traces  [36m..[39m[2K[1G [37m[1m [22m[39m Finalizing page optimization  [36m...[39m[2K[1G [37m[1m [22m[39m Collecting build traces  [36m...[39m[2K[1G [37m[1m [22m[39m Finalizing page optimization  [36m.[39m[2K[1G [37m[1m [22m[39m Collecting build traces  [36m.[39m[2K[1G [37m[1m [22m[39m Finalizing page optimization  [36m..[39m[2K[1G [37m[1m [22m[39m Collecting build traces  [36m..[39m[2K[1G [37m[1m [22m[39m Finalizing page optimization  [36m...[39m[2K[1G [37m[1m [22m[39m Collecting build traces  [36m...[39m[2K[1G [37m[1m [22m[39m Finalizing page optimization  [36m.[39m[2K[1G [37m[1m [22m[39m Collecting build traces  [36m.[39m[2K[1G [37m[1m [22m[39m Finalizing page optimization  [36m..[39m[2K[1G [37m[1m [22m[39m Collecting build traces  [36m..[39m[2K[1G [37m[1m [22m[39m Finalizing page optimization  [36m...[39m[2K[1G [37m[1m [22m[39m Collecting build traces  [36m...[39m[2K[1G [37m[1m [22m[39m Finalizing page optimization  [36m.[39m[2K[1G [37m[1m [22m[39m Collecting build traces  [36m.[39m[2K[1G [37m[1m [22m[39m Finalizing page optimization  [36m..[39m[2K[1G [37m[1m [22m[39m Collecting build traces  [36m..[39m[2K[1G [37m[1m [22m[39m Finalizing page optimization  [36m...[39m[2K[1G [37m[1m [22m[39m Collecting build traces  [36m...[39m[2K[1G [37m[1m [22m[39m Finalizing page optimization  [36m.[39m[2K[1G [37m[1m [22m[39m Collecting build traces  [36m.[39m[2K[1G [37m[1m [22m[39m Finalizing page optimization  [36m..[39m[2K[1G [37m[1m [22m[39m Collecting build traces  [36m..[39m[2K[1G[?25h [37m[1m [22m[39m Collecting build traces     [32m[1m✓[22m[39m Collecting build traces 
[2K[1G[?25h [37m[1m [22m[39m Finalizing page optimization     [32m[1m✓[22m[39m Finalizing page optimization 

[4mRoute (app)[24m                              [4mSize[24m     [4mFirst Load JS[24m
┌ ○ /                                    137 B          [37m[1m87.2 kB[22m[39m
├ ○ /_not-found                          872 B            [37m[1m88 kB[22m[39m
├ ƒ /api/approvals                       0 B                [37m[1m0 B[22m[39m
├ ƒ /api/cases/[id]/approve-estimate     0 B                [37m[1m0 B[22m[39m
├ ƒ /api/cases/[id]/approve-invoice      0 B                [37m[1m0 B[22m[39m
├ ƒ /api/cases/[id]/reject-estimate      0 B                [37m[1m0 B[22m[39m
├ ○ /api/workshops                       0 B                [37m[1m0 B[22m[39m
├ ƒ /api/workshops/[id]                  0 B                [37m[1m0 B[22m[39m
├ ○ /approvals                           7.97 kB         [37m[1m299 kB[22m[39m
├ ○ /cases                               24.1 kB         [37m[1m290 kB[22m[39m
├ ƒ /cases/[id]                          3.04 kB         [37m[1m269 kB[22m[39m
├ ○ /dashboard                           2.02 kB         [37m[1m268 kB[22m[39m
├ ○ /escalations                         1.49 kB         [37m[1m267 kB[22m[39m
├ ○ /integrations                        1.41 kB         [37m[1m267 kB[22m[39m
├ ○ /login                               26.1 kB         [37m[1m272 kB[22m[39m
├ ○ /network                             2.11 kB         [37m[1m293 kB[22m[39m
├ ○ /notifications                       659 B           [37m[1m267 kB[22m[39m
├ ○ /profile                             526 B           [37m[1m266 kB[22m[39m
├ ○ /sla                                 2.06 kB         [37m[1m268 kB[22m[39m
└ ○ /unauthorized                        1.8 kB           [37m[1m96 kB[22m[39m
+ First Load JS shared by all            [37m[1m87.1 kB[22m[39m
  ├ chunks/428-ec716f37f1bafe53.js       31.5 kB
  ├ chunks/f167be28-555ebd2bc02725e9.js  53.7 kB
  └ other shared chunks (total)          1.95 kB


○  (Static)   prerendered as static content
ƒ  (Dynamic)  server-rendered on demand

[?25h
